  ThesisTool.cpp
C:\Users\Tin\source\repos\ThesisTool\ThesisTool.cpp(309,124): warning C4244: 'argument': conversion from 'double' to 'const _Ty', possible loss of data
          with
          [
              _Ty=int
          ]
C:\Users\Tin\source\repos\ThesisTool\ThesisTool.cpp(424,133): warning C4244: 'argument': conversion from 'double' to 'const _Ty', possible loss of data
          with
          [
              _Ty=int
          ]
  Generating code
  2 of 1517 functions ( 0.1%) were compiled, the rest were copied from previous compilation.
    0 functions were new in current compilation
    1 functions had inline decision re-evaluated but remain unchanged
  Finished generating code
concert.lib(ilosstructi.obj) : warning LNK4099: PDB 'concert.pdb' was not found with 'concert.lib(ilosstructi.obj)' or at 'C:\Users\Tin\source\repos\ThesisTool\x64\Release\concert.pdb'; linking object as if no debug info
concert.lib(ilohash.obj) : warning LNK4099: PDB 'concert.pdb' was not found with 'concert.lib(ilohash.obj)' or at 'C:\Users\Tin\source\repos\ThesisTool\x64\Release\concert.pdb'; linking object as if no debug info
concert.lib(iloalg.obj) : warning LNK4099: PDB 'concert.pdb' was not found with 'concert.lib(iloalg.obj)' or at 'C:\Users\Tin\source\repos\ThesisTool\x64\Release\concert.pdb'; linking object as if no debug info
concert.lib(iloenv.obj) : warning LNK4099: PDB 'concert.pdb' was not found with 'concert.lib(iloenv.obj)' or at 'C:\Users\Tin\source\repos\ThesisTool\x64\Release\concert.pdb'; linking object as if no debug info
concert.lib(ilostimei.obj) : warning LNK4099: PDB 'concert.pdb' was not found with 'concert.lib(ilostimei.obj)' or at 'C:\Users\Tin\source\repos\ThesisTool\x64\Release\concert.pdb'; linking object as if no debug info
concert.lib(iloallocator.obj) : warning LNK4099: PDB 'concert.pdb' was not found with 'concert.lib(iloallocator.obj)' or at 'C:\Users\Tin\source\repos\ThesisTool\x64\Release\concert.pdb'; linking object as if no debug info
concert.lib(ilosatomi.obj) : warning LNK4099: PDB 'concert.pdb' was not found with 'concert.lib(ilosatomi.obj)' or at 'C:\Users\Tin\source\repos\ThesisTool\x64\Release\concert.pdb'; linking object as if no debug info
concert.lib(iloserror.obj) : warning LNK4099: PDB 'concert.pdb' was not found with 'concert.lib(iloserror.obj)' or at 'C:\Users\Tin\source\repos\ThesisTool\x64\Release\concert.pdb'; linking object as if no debug info
concert.lib(ilosdisplayi.obj) : warning LNK4099: PDB 'concert.pdb' was not found with 'concert.lib(ilosdisplayi.obj)' or at 'C:\Users\Tin\source\repos\ThesisTool\x64\Release\concert.pdb'; linking object as if no debug info
concert.lib(ilorandom.obj) : warning LNK4099: PDB 'concert.pdb' was not found with 'concert.lib(ilorandom.obj)' or at 'C:\Users\Tin\source\repos\ThesisTool\x64\Release\concert.pdb'; linking object as if no debug info
concert.lib(ilothread.obj) : warning LNK4099: PDB 'concert.pdb' was not found with 'concert.lib(ilothread.obj)' or at 'C:\Users\Tin\source\repos\ThesisTool\x64\Release\concert.pdb'; linking object as if no debug info
concert.lib(ilossol.obj) : warning LNK4099: PDB 'concert.pdb' was not found with 'concert.lib(ilossol.obj)' or at 'C:\Users\Tin\source\repos\ThesisTool\x64\Release\concert.pdb'; linking object as if no debug info
concert.lib(ilotypes.obj) : warning LNK4099: PDB 'concert.pdb' was not found with 'concert.lib(ilotypes.obj)' or at 'C:\Users\Tin\source\repos\ThesisTool\x64\Release\concert.pdb'; linking object as if no debug info
concert.lib(iloexpression.obj) : warning LNK4099: PDB 'concert.pdb' was not found with 'concert.lib(iloexpression.obj)' or at 'C:\Users\Tin\source\repos\ThesisTool\x64\Release\concert.pdb'; linking object as if no debug info
concert.lib(ilosbasic.obj) : warning LNK4099: PDB 'concert.pdb' was not found with 'concert.lib(ilosbasic.obj)' or at 'C:\Users\Tin\source\repos\ThesisTool\x64\Release\concert.pdb'; linking object as if no debug info
concert.lib(iloset.obj) : warning LNK4099: PDB 'concert.pdb' was not found with 'concert.lib(iloset.obj)' or at 'C:\Users\Tin\source\repos\ThesisTool\x64\Release\concert.pdb'; linking object as if no debug info
concert.lib(iloconstraint.obj) : warning LNK4099: PDB 'concert.pdb' was not found with 'concert.lib(iloconstraint.obj)' or at 'C:\Users\Tin\source\repos\ThesisTool\x64\Release\concert.pdb'; linking object as if no debug info
concert.lib(iloanyexpr.obj) : warning LNK4099: PDB 'concert.pdb' was not found with 'concert.lib(iloanyexpr.obj)' or at 'C:\Users\Tin\source\repos\ThesisTool\x64\Release\concert.pdb'; linking object as if no debug info
concert.lib(iloextractable.obj) : warning LNK4099: PDB 'concert.pdb' was not found with 'concert.lib(iloextractable.obj)' or at 'C:\Users\Tin\source\repos\ThesisTool\x64\Release\concert.pdb'; linking object as if no debug info
concert.lib(ilomap.obj) : warning LNK4099: PDB 'concert.pdb' was not found with 'concert.lib(ilomap.obj)' or at 'C:\Users\Tin\source\repos\ThesisTool\x64\Release\concert.pdb'; linking object as if no debug info
concert.lib(ilobox.obj) : warning LNK4099: PDB 'concert.pdb' was not found with 'concert.lib(ilobox.obj)' or at 'C:\Users\Tin\source\repos\ThesisTool\x64\Release\concert.pdb'; linking object as if no debug info
concert.lib(ilotupleset.obj) : warning LNK4099: PDB 'concert.pdb' was not found with 'concert.lib(ilotupleset.obj)' or at 'C:\Users\Tin\source\repos\ThesisTool\x64\Release\concert.pdb'; linking object as if no debug info
concert.lib(ilosmodel.obj) : warning LNK4099: PDB 'concert.pdb' was not found with 'concert.lib(ilosmodel.obj)' or at 'C:\Users\Tin\source\repos\ThesisTool\x64\Release\concert.pdb'; linking object as if no debug info
concert.lib(ilosolution.obj) : warning LNK4099: PDB 'concert.pdb' was not found with 'concert.lib(ilosolution.obj)' or at 'C:\Users\Tin\source\repos\ThesisTool\x64\Release\concert.pdb'; linking object as if no debug info
concert.lib(iloiterator.obj) : warning LNK4099: PDB 'concert.pdb' was not found with 'concert.lib(iloiterator.obj)' or at 'C:\Users\Tin\source\repos\ThesisTool\x64\Release\concert.pdb'; linking object as if no debug info
concert.lib(ilossequencei.obj) : warning LNK4099: PDB 'concert.pdb' was not found with 'concert.lib(ilossequencei.obj)' or at 'C:\Users\Tin\source\repos\ThesisTool\x64\Release\concert.pdb'; linking object as if no debug info
concert.lib(ilocollection.obj) : warning LNK4099: PDB 'concert.pdb' was not found with 'concert.lib(ilocollection.obj)' or at 'C:\Users\Tin\source\repos\ThesisTool\x64\Release\concert.pdb'; linking object as if no debug info
concert.lib(ilocollectionstruct.obj) : warning LNK4099: PDB 'concert.pdb' was not found with 'concert.lib(ilocollectionstruct.obj)' or at 'C:\Users\Tin\source\repos\ThesisTool\x64\Release\concert.pdb'; linking object as if no debug info
concert.lib(ilosimplecollection.obj) : warning LNK4099: PDB 'concert.pdb' was not found with 'concert.lib(ilosimplecollection.obj)' or at 'C:\Users\Tin\source\repos\ThesisTool\x64\Release\concert.pdb'; linking object as if no debug info
concert.lib(ilocollectionoperator.obj) : warning LNK4099: PDB 'concert.pdb' was not found with 'concert.lib(ilocollectionoperator.obj)' or at 'C:\Users\Tin\source\repos\ThesisTool\x64\Release\concert.pdb'; linking object as if no debug info
concert.lib(ilocollectioniterator.obj) : warning LNK4099: PDB 'concert.pdb' was not found with 'concert.lib(ilocollectioniterator.obj)' or at 'C:\Users\Tin\source\repos\ThesisTool\x64\Release\concert.pdb'; linking object as if no debug info
concert.lib(iloskiplist.obj) : warning LNK4099: PDB 'concert.pdb' was not found with 'concert.lib(iloskiplist.obj)' or at 'C:\Users\Tin\source\repos\ThesisTool\x64\Release\concert.pdb'; linking object as if no debug info
concert.lib(ilodict.obj) : warning LNK4099: PDB 'concert.pdb' was not found with 'concert.lib(ilodict.obj)' or at 'C:\Users\Tin\source\repos\ThesisTool\x64\Release\concert.pdb'; linking object as if no debug info
concert.lib(iloreport_impl.obj) : warning LNK4099: PDB 'concert.pdb' was not found with 'concert.lib(iloreport_impl.obj)' or at 'C:\Users\Tin\source\repos\ThesisTool\x64\Release\concert.pdb'; linking object as if no debug info
concert.lib(ilonumfunci.obj) : warning LNK4099: PDB 'concert.pdb' was not found with 'concert.lib(ilonumfunci.obj)' or at 'C:\Users\Tin\source\repos\ThesisTool\x64\Release\concert.pdb'; linking object as if no debug info
concert.lib(iloparami.obj) : warning LNK4099: PDB 'concert.pdb' was not found with 'concert.lib(iloparami.obj)' or at 'C:\Users\Tin\source\repos\ThesisTool\x64\Release\concert.pdb'; linking object as if no debug info
concert.lib(ilointervalsi.obj) : warning LNK4099: PDB 'concert.pdb' was not found with 'concert.lib(ilointervalsi.obj)' or at 'C:\Users\Tin\source\repos\ThesisTool\x64\Release\concert.pdb'; linking object as if no debug info
concert.lib(iloi18n.obj) : warning LNK4099: PDB 'concert.pdb' was not found with 'concert.lib(iloi18n.obj)' or at 'C:\Users\Tin\source\repos\ThesisTool\x64\Release\concert.pdb'; linking object as if no debug info
concert.lib(iloalloc.obj) : warning LNK4099: PDB 'concert.pdb' was not found with 'concert.lib(iloalloc.obj)' or at 'C:\Users\Tin\source\repos\ThesisTool\x64\Release\concert.pdb'; linking object as if no debug info
concert.lib(iloparser.obj) : warning LNK4099: PDB 'concert.pdb' was not found with 'concert.lib(iloparser.obj)' or at 'C:\Users\Tin\source\repos\ThesisTool\x64\Release\concert.pdb'; linking object as if no debug info
concert.lib(ilotag.obj) : warning LNK4099: PDB 'concert.pdb' was not found with 'concert.lib(ilotag.obj)' or at 'C:\Users\Tin\source\repos\ThesisTool\x64\Release\concert.pdb'; linking object as if no debug info
concert.lib(ilomemory.obj) : warning LNK4099: PDB 'concert.pdb' was not found with 'concert.lib(ilomemory.obj)' or at 'C:\Users\Tin\source\repos\ThesisTool\x64\Release\concert.pdb'; linking object as if no debug info
concert.lib(ilopool.obj) : warning LNK4099: PDB 'concert.pdb' was not found with 'concert.lib(ilopool.obj)' or at 'C:\Users\Tin\source\repos\ThesisTool\x64\Release\concert.pdb'; linking object as if no debug info
concert.lib(ilolist.obj) : warning LNK4099: PDB 'concert.pdb' was not found with 'concert.lib(ilolist.obj)' or at 'C:\Users\Tin\source\repos\ThesisTool\x64\Release\concert.pdb'; linking object as if no debug info
concert.lib(iloxml.obj) : warning LNK4099: PDB 'concert.pdb' was not found with 'concert.lib(iloxml.obj)' or at 'C:\Users\Tin\source\repos\ThesisTool\x64\Release\concert.pdb'; linking object as if no debug info
concert.lib(iloxmlabstract.obj) : warning LNK4099: PDB 'concert.pdb' was not found with 'concert.lib(iloxmlabstract.obj)' or at 'C:\Users\Tin\source\repos\ThesisTool\x64\Release\concert.pdb'; linking object as if no debug info
concert.lib(iloxmlcontext.obj) : warning LNK4099: PDB 'concert.pdb' was not found with 'concert.lib(iloxmlcontext.obj)' or at 'C:\Users\Tin\source\repos\ThesisTool\x64\Release\concert.pdb'; linking object as if no debug info
concert.lib(evalkernel.obj) : warning LNK4099: PDB 'concert.pdb' was not found with 'concert.lib(evalkernel.obj)' or at 'C:\Users\Tin\source\repos\ThesisTool\x64\Release\concert.pdb'; linking object as if no debug info
concert.lib(evaluator.obj) : warning LNK4099: PDB 'concert.pdb' was not found with 'concert.lib(evaluator.obj)' or at 'C:\Users\Tin\source\repos\ThesisTool\x64\Release\concert.pdb'; linking object as if no debug info
concert.lib(evalexpand.obj) : warning LNK4099: PDB 'concert.pdb' was not found with 'concert.lib(evalexpand.obj)' or at 'C:\Users\Tin\source\repos\ThesisTool\x64\Release\concert.pdb'; linking object as if no debug info
concert.lib(strtod.obj) : warning LNK4099: PDB 'concert.pdb' was not found with 'concert.lib(strtod.obj)' or at 'C:\Users\Tin\source\repos\ThesisTool\x64\Release\concert.pdb'; linking object as if no debug info
  ThesisTool.vcxproj -> C:\Users\Tin\source\repos\ThesisTool\x64\Release\ThesisTool.exe
